[0m14:01:01.371080 [debug] [MainThread]: Sending event: {'category': 'dbt', 'action': 'invocation', 'label': 'start', 'context': [<snowplow_tracker.self_describing_json.SelfDescribingJson object at 0x0000020DAEA73B60>, <snowplow_tracker.self_describing_json.SelfDescribingJson object at 0x0000020DB0E97C50>, <snowplow_tracker.self_describing_json.SelfDescribingJson object at 0x0000020DB0E97750>]}


============================== 14:01:01.375509 | 224ff8a1-de5e-4bdd-b3e8-cfb5367348c9 ==============================
[0m14:01:01.375509 [info ] [MainThread]: Running with dbt=1.11.7
[0m14:01:01.376019 [debug] [MainThread]: running dbt with arguments {'static_parser': 'True', 'no_print': 'None', 'version_check': 'True', 'target_path': 'None', 'warn_error_options': 'WarnErrorOptionsV2(error=[], warn=[], silence=[])', 'printer_width': '80', 'write_json': 'True', 'empty': 'None', 'log_cache_events': 'False', 'introspect': 'True', 'cache_selected_only': 'False', 'log_format': 'default', 'debug': 'False', 'fail_fast': 'False', 'partial_parse': 'True', 'send_anonymous_usage_stats': 'True', 'quiet': 'False', 'warn_error': 'None', 'profiles_dir': 'C:\\Users\\ingra\\.dbt', 'use_colors': 'True', 'indirect_selection': 'eager', 'invocation_command': 'dbt init --skip-profile-setup airbnb', 'use_experimental_parser': 'False', 'log_path': 'logs'}
[0m14:01:01.447779 [info ] [MainThread]: Creating dbt configuration folder at C:\Users\ingra\.dbt
[0m14:01:01.451395 [debug] [MainThread]: Starter project path: C:\Users\ingra\dbtstudentrepo\dbt-student-repo\.venv\Lib\site-packages\dbt\include\starter_project
[0m14:01:01.475390 [info ] [MainThread]: 
Your new dbt project "airbnb" was created!

For more information on how to configure the profiles.yml file,
please consult the dbt documentation here:

  https://docs.getdbt.com/docs/configure-your-profile

One more thing:

Need help? Don't hesitate to reach out to us via GitHub issues or on Slack:

  https://community.getdbt.com/

Happy modeling!

[0m14:01:01.476537 [debug] [MainThread]: Command `dbt init` succeeded at 14:01:01.476436 after 0.22 seconds
[0m14:01:01.476821 [debug] [MainThread]: Sending event: {'category': 'dbt', 'action': 'invocation', 'label': 'end', 'context': [<snowplow_tracker.self_describing_json.SelfDescribingJson object at 0x0000020DB1090050>, <snowplow_tracker.self_describing_json.SelfDescribingJson object at 0x0000020DB0F89490>, <snowplow_tracker.self_describing_json.SelfDescribingJson object at 0x0000020DAFD5F460>]}
[0m14:01:01.477119 [debug] [MainThread]: Flushing usage events
[0m14:01:02.709828 [debug] [MainThread]: An error was encountered while trying to flush usage events
[0m14:10:39.831411 [debug] [MainThread]: Got an exception trying to initialize tracking


============================== 14:10:39.902271 | 969251bb-fc26-4d9c-aa7b-0a840524fc2a ==============================
[0m14:10:39.902271 [info ] [MainThread]: Running with dbt=1.11.7
[0m14:10:39.903306 [debug] [MainThread]: running dbt with arguments {'static_parser': 'True', 'no_print': 'None', 'version_check': 'True', 'warn_error_options': 'WarnErrorOptionsV2(error=[], warn=[], silence=[])', 'target_path': 'None', 'printer_width': '80', 'write_json': 'True', 'empty': 'None', 'log_cache_events': 'False', 'introspect': 'True', 'cache_selected_only': 'False', 'log_format': 'default', 'debug': 'False', 'fail_fast': 'False', 'profiles_dir': 'C:\\Users\\ingra\\.dbt', 'send_anonymous_usage_stats': 'True', 'quiet': 'False', 'warn_error': 'None', 'partial_parse': 'True', 'indirect_selection': 'eager', 'invocation_command': 'dbt debug', 'use_colors': 'True', 'use_experimental_parser': 'False', 'log_path': 'logs'}
[0m14:10:39.930323 [info ] [MainThread]: dbt version: 1.11.7
[0m14:10:39.930782 [info ] [MainThread]: python version: 3.13.13
[0m14:10:39.931104 [info ] [MainThread]: python path: C:\Users\ingra\dbtstudentrepo\dbt-student-repo\.venv\Scripts\python.exe
[0m14:10:39.931386 [info ] [MainThread]: os info: Windows-11-10.0.26200-SP0
[0m14:10:39.931682 [info ] [MainThread]: Using profiles dir at C:\Users\ingra\.dbt
[0m14:10:39.931986 [info ] [MainThread]: Using profiles.yml file at C:\Users\ingra\.dbt\profiles.yml
[0m14:10:39.932239 [info ] [MainThread]: Using dbt_project.yml file at C:\Users\ingra\dbtstudentrepo\dbt-student-repo\dbt_project.yml
[0m14:10:39.932542 [info ] [MainThread]: Configuration:
[0m14:10:39.932814 [info ] [MainThread]:   profiles.yml file [[31mERROR not found[0m]
[0m14:10:39.933077 [info ] [MainThread]:   dbt_project.yml file [[31mERROR not found[0m]
[0m14:10:39.933320 [info ] [MainThread]: Required dependencies:
[0m14:10:39.933637 [debug] [MainThread]: Executing "git --help"
[0m14:10:39.972352 [debug] [MainThread]: STDOUT: "b"usage: git [-v | --version] [-h | --help] [-C <path>] [-c <name>=<value>]\n           [--exec-path[=<path>]] [--html-path] [--man-path] [--info-path]\n           [-p | --paginate | -P | --no-pager] [--no-replace-objects] [--no-lazy-fetch]\n           [--no-optional-locks] [--no-advice] [--bare] [--git-dir=<path>]\n           [--work-tree=<path>] [--namespace=<name>] [--config-env=<name>=<envvar>]\n           <command> [<args>]\n\nThese are common Git commands used in various situations:\n\nstart a working area (see also: git help tutorial)\n   clone      Clone a repository into a new directory\n   init       Create an empty Git repository or reinitialize an existing one\n\nwork on the current change (see also: git help everyday)\n   add        Add file contents to the index\n   mv         Move or rename a file, a directory, or a symlink\n   restore    Restore working tree files\n   rm         Remove files from the working tree and from the index\n\nexamine the history and state (see also: git help revisions)\n   bisect     Use binary search to find the commit that introduced a bug\n   diff       Show changes between commits, commit and working tree, etc\n   grep       Print lines matching a pattern\n   log        Show commit logs\n   show       Show various types of objects\n   status     Show the working tree status\n\ngrow, mark and tweak your common history\n   backfill   Download missing objects in a partial clone\n   branch     List, create, or delete branches\n   commit     Record changes to the repository\n   merge      Join two or more development histories together\n   rebase     Reapply commits on top of another base tip\n   reset      Set `HEAD` or the index to a known state\n   switch     Switch branches\n   tag        Create, list, delete or verify tags\n\ncollaborate (see also: git help workflows)\n   fetch      Download objects and refs from another repository\n   pull       Fetch from and integrate with another repository or a local branch\n   push       Update remote refs along with associated objects\n\n'git help -a' and 'git help -g' list available subcommands and some\nconcept guides. See 'git help <command>' or 'git help <concept>'\nto read about a specific subcommand or concept.\nSee 'git help git' for an overview of the system.\n""
[0m14:10:39.972857 [debug] [MainThread]: STDERR: "b''"
[0m14:10:39.973245 [info ] [MainThread]:  - git [[32mOK found[0m]

[0m14:10:39.973605 [info ] [MainThread]: Connection test skipped since no profile was found
[0m14:10:39.973993 [info ] [MainThread]: [31m2 checks failed:[0m
[0m14:10:39.974287 [info ] [MainThread]: dbt looked for a profiles.yml file in C:\Users\ingra\.dbt\profiles.yml, but did
not find one. For more information on configuring your profile, consult the
documentation:

https://docs.getdbt.com/docs/configure-your-profile


[0m14:10:39.974577 [info ] [MainThread]: Project loading failed for the following reason:
 project path <C:\Users\ingra\dbtstudentrepo\dbt-student-repo\dbt_project.yml> not found

[0m14:10:39.975537 [debug] [MainThread]: Command `dbt debug` failed at 14:10:39.975442 after 0.21 seconds
[0m14:10:39.975809 [debug] [MainThread]: Flushing usage events
[0m14:11:23.641020 [debug] [MainThread]: Got an exception trying to initialize tracking


============================== 14:11:23.702020 | 9c7f425d-a431-4f46-a0e8-af6c688b4064 ==============================
[0m14:11:23.702020 [info ] [MainThread]: Running with dbt=1.11.7
[0m14:11:23.702717 [debug] [MainThread]: running dbt with arguments {'static_parser': 'True', 'no_print': 'None', 'version_check': 'True', 'target_path': 'None', 'warn_error_options': 'WarnErrorOptionsV2(error=[], warn=[], silence=[])', 'printer_width': '80', 'write_json': 'True', 'introspect': 'True', 'log_cache_events': 'False', 'empty': 'None', 'cache_selected_only': 'False', 'log_format': 'default', 'debug': 'False', 'fail_fast': 'False', 'partial_parse': 'True', 'send_anonymous_usage_stats': 'True', 'quiet': 'False', 'warn_error': 'None', 'profiles_dir': 'C:\\Users\\ingra\\.dbt', 'indirect_selection': 'eager', 'use_colors': 'True', 'invocation_command': 'dbt debug', 'use_experimental_parser': 'False', 'log_path': 'logs'}
[0m14:11:23.721104 [info ] [MainThread]: dbt version: 1.11.7
[0m14:11:23.721506 [info ] [MainThread]: python version: 3.13.13
[0m14:11:23.721835 [info ] [MainThread]: python path: C:\Users\ingra\dbtstudentrepo\dbt-student-repo\.venv\Scripts\python.exe
[0m14:11:23.722100 [info ] [MainThread]: os info: Windows-11-10.0.26200-SP0
[0m14:11:23.722394 [info ] [MainThread]: Using profiles dir at C:\Users\ingra\.dbt
[0m14:11:23.722704 [info ] [MainThread]: Using profiles.yml file at C:\Users\ingra\.dbt\profiles.yml
[0m14:11:23.723014 [info ] [MainThread]: Using dbt_project.yml file at C:\Users\ingra\dbtstudentrepo\dbt-student-repo\dbt_project.yml
[0m14:11:23.723300 [info ] [MainThread]: Configuration:
[0m14:11:23.723550 [info ] [MainThread]:   profiles.yml file [[31mERROR not found[0m]
[0m14:11:23.723793 [info ] [MainThread]:   dbt_project.yml file [[31mERROR not found[0m]
[0m14:11:23.724055 [info ] [MainThread]: Required dependencies:
[0m14:11:23.724359 [debug] [MainThread]: Executing "git --help"
[0m14:11:23.759216 [debug] [MainThread]: STDOUT: "b"usage: git [-v | --version] [-h | --help] [-C <path>] [-c <name>=<value>]\n           [--exec-path[=<path>]] [--html-path] [--man-path] [--info-path]\n           [-p | --paginate | -P | --no-pager] [--no-replace-objects] [--no-lazy-fetch]\n           [--no-optional-locks] [--no-advice] [--bare] [--git-dir=<path>]\n           [--work-tree=<path>] [--namespace=<name>] [--config-env=<name>=<envvar>]\n           <command> [<args>]\n\nThese are common Git commands used in various situations:\n\nstart a working area (see also: git help tutorial)\n   clone      Clone a repository into a new directory\n   init       Create an empty Git repository or reinitialize an existing one\n\nwork on the current change (see also: git help everyday)\n   add        Add file contents to the index\n   mv         Move or rename a file, a directory, or a symlink\n   restore    Restore working tree files\n   rm         Remove files from the working tree and from the index\n\nexamine the history and state (see also: git help revisions)\n   bisect     Use binary search to find the commit that introduced a bug\n   diff       Show changes between commits, commit and working tree, etc\n   grep       Print lines matching a pattern\n   log        Show commit logs\n   show       Show various types of objects\n   status     Show the working tree status\n\ngrow, mark and tweak your common history\n   backfill   Download missing objects in a partial clone\n   branch     List, create, or delete branches\n   commit     Record changes to the repository\n   merge      Join two or more development histories together\n   rebase     Reapply commits on top of another base tip\n   reset      Set `HEAD` or the index to a known state\n   switch     Switch branches\n   tag        Create, list, delete or verify tags\n\ncollaborate (see also: git help workflows)\n   fetch      Download objects and refs from another repository\n   pull       Fetch from and integrate with another repository or a local branch\n   push       Update remote refs along with associated objects\n\n'git help -a' and 'git help -g' list available subcommands and some\nconcept guides. See 'git help <command>' or 'git help <concept>'\nto read about a specific subcommand or concept.\nSee 'git help git' for an overview of the system.\n""
[0m14:11:23.759691 [debug] [MainThread]: STDERR: "b''"
[0m14:11:23.760058 [info ] [MainThread]:  - git [[32mOK found[0m]

[0m14:11:23.760373 [info ] [MainThread]: Connection test skipped since no profile was found
[0m14:11:23.760735 [info ] [MainThread]: [31m2 checks failed:[0m
[0m14:11:23.761021 [info ] [MainThread]: dbt looked for a profiles.yml file in C:\Users\ingra\.dbt\profiles.yml, but did
not find one. For more information on configuring your profile, consult the
documentation:

https://docs.getdbt.com/docs/configure-your-profile


[0m14:11:23.761304 [info ] [MainThread]: Project loading failed for the following reason:
 project path <C:\Users\ingra\dbtstudentrepo\dbt-student-repo\dbt_project.yml> not found

[0m14:11:23.762185 [debug] [MainThread]: Command `dbt debug` failed at 14:11:23.762092 after 0.18 seconds
[0m14:11:23.762450 [debug] [MainThread]: Flushing usage events
[0m14:11:47.676507 [debug] [MainThread]: Got an exception trying to initialize tracking


============================== 14:11:47.728880 | 505224d5-ae6a-42a0-a907-05712dc1c903 ==============================
[0m14:11:47.728880 [info ] [MainThread]: Running with dbt=1.11.7
[0m14:11:47.729590 [debug] [MainThread]: running dbt with arguments {'version_check': 'True', 'no_print': 'None', 'static_parser': 'True', 'warn_error_options': 'WarnErrorOptionsV2(error=[], warn=[], silence=[])', 'target_path': 'None', 'printer_width': '80', 'write_json': 'True', 'introspect': 'True', 'log_cache_events': 'False', 'empty': 'None', 'cache_selected_only': 'False', 'fail_fast': 'False', 'debug': 'False', 'log_format': 'default', 'partial_parse': 'True', 'send_anonymous_usage_stats': 'True', 'quiet': 'False', 'warn_error': 'None', 'profiles_dir': 'C:\\Users\\ingra\\.dbt', 'invocation_command': 'dbt init --skip-profile-setup airbnb', 'indirect_selection': 'eager', 'use_colors': 'True', 'use_experimental_parser': 'False', 'log_path': 'logs'}
[0m14:11:47.747115 [info ] [MainThread]: A project called airbnb already exists here.
[0m14:11:47.748117 [debug] [MainThread]: Command `dbt init` succeeded at 14:11:47.748021 after 0.13 seconds
[0m14:11:47.748369 [debug] [MainThread]: Flushing usage events
{"data":{"log_version":3,"version":"=2.0.0-preview.164"},"info":{"category":"","code":"A001","extra":{},"invocation_id":"019da9b4-3b9d-7161-a90b-f734a2d008de","level":"info","msg":"Running with dbt-fusion=2.0.0-preview.164","name":"MainReportVersion","pid":34140,"thread":"tokio-rt-worker","ts":"2026-04-20T07:04:14.497047Z"}}
{"data":{"args":{"debug":"false","invocation_command":"C:\\Users\\8801265045081\\.local\\bin\\dbt.exe license info --json --log-format json","log_format":"json","quiet":"false","write_json":"true"}},"info":{"category":"","code":"A002","extra":{},"invocation_id":"019da9b4-3b9d-7161-a90b-f734a2d008de","level":"debug","msg":"running dbt-fusion with argumets {\"command\":\"license\",\"vars\":\"{}\",\"limit\":\"10\",\"debug\":false,\"log_format\":\"json\",\"quiet\":false,\"write_json\":true,\"write_catalog\":false}","name":"MainReportArgs","pid":34140,"thread":"tokio-rt-worker","ts":"2026-04-20T07:04:14.497067Z"}}
{"data":{},"info":{"category":"","code":"","extra":{},"invocation_id":"019da9b4-3b9d-7161-a90b-f734a2d008de","level":"debug","msg":"No active cloud project configured, skipping remote license","name":"Generic","pid":34140,"thread":"tokio-rt-worker","ts":"2026-04-20T07:04:14.501910Z"}}
{"data":{"columns":[],"is_inline":true,"node_name":"license_info","output_format":"json","preview":"{\n  \"status\": \"not_found\",\n  \"licensing_enabled\": true\n}","unique_id":"license.info"},"info":{"category":"","code":"Q041","extra":{},"invocation_id":"019da9b4-3b9d-7161-a90b-f734a2d008de","level":"info","msg":"{\n  \"status\": \"not_found\",\n  \"licensing_enabled\": true\n}","name":"ShowNode","pid":34140,"thread":"tokio-rt-worker","ts":"2026-04-20T07:04:14.502468Z"}}
{"data":{"completed_at":"2026-04-20T07:04:15.547843Z","elapsed":1.050974726676941,"success":true},"info":{"category":"","code":"Q039","extra":{},"invocation_id":"019da9b4-3b9d-7161-a90b-f734a2d008de","level":"info","msg":"\n==================== Execution Summary =====================\nFinished 'license' successfully [1.1s]","name":"CommandCompleted","pid":34140,"thread":"tokio-rt-worker","ts":"2026-04-20T07:04:15.547996Z"}}
[0m20:37:32.130473 [debug] [MainThread]: Got an exception trying to initialize tracking


============================== 20:37:32.207823 | 0ce604d4-3a1f-4650-834a-3c5faae91e77 ==============================
[0m20:37:32.207823 [info ] [MainThread]: Running with dbt=1.11.7
[0m20:37:32.208468 [debug] [MainThread]: running dbt with arguments {'static_parser': 'True', 'no_print': 'None', 'version_check': 'True', 'target_path': 'None', 'warn_error_options': 'WarnErrorOptionsV2(error=[], warn=[], silence=[])', 'printer_width': '80', 'write_json': 'True', 'introspect': 'True', 'log_cache_events': 'False', 'empty': 'False', 'cache_selected_only': 'False', 'log_format': 'default', 'debug': 'False', 'fail_fast': 'False', 'profiles_dir': 'C:\\Users\\ingra\\.dbt', 'send_anonymous_usage_stats': 'True', 'quiet': 'False', 'warn_error': 'None', 'partial_parse': 'True', 'use_colors': 'True', 'indirect_selection': 'eager', 'invocation_command': 'dbt snapshot', 'use_experimental_parser': 'False', 'log_path': 'logs'}
[0m20:37:32.208881 [error] [MainThread]: Encountered an error:
Runtime Error
  No dbt_project.yml found at expected path C:\Users\ingra\dbtstudentrepo\dbt-student-repo\dbt_project.yml
  Verify that each entry within packages.yml (and their transitive dependencies) contains a file named dbt_project.yml
  
[0m20:37:32.209799 [debug] [MainThread]: Command `dbt snapshot` failed at 20:37:32.209704 after 0.15 seconds
[0m20:37:32.210048 [debug] [MainThread]: Flushing usage events
